
Gurobi 10.0.0 (win64, Java) logging started Mon Dec 12 19:56:48 2022

Set parameter Username
Academic license - for non-commercial use only - expires 2023-12-01
Set parameter Presolve to value 1
Set parameter IntFeasTol to value 1e-06
Set parameter TimeLimit to value 600

Gurobi 10.0.0 (win64, Java) logging started Tue Dec 13 10:54:03 2022

Set parameter Username
Academic license - for non-commercial use only - expires 2023-12-01
Set parameter Presolve to value 1
Set parameter IntFeasTol to value 1e-06
Set parameter TimeLimit to value 600

Gurobi 10.0.0 (win64, Java) logging started Tue Dec 13 10:54:32 2022

Set parameter Username
Academic license - for non-commercial use only - expires 2023-12-01
Set parameter Presolve to value 1
Set parameter IntFeasTol to value 1e-06
Set parameter TimeLimit to value 600

Gurobi 10.0.0 (win64, Java) logging started Tue Dec 13 11:01:00 2022

Set parameter Username
Academic license - for non-commercial use only - expires 2023-12-01
Set parameter Presolve to value 1
Set parameter IntFeasTol to value 1e-06
Set parameter TimeLimit to value 600

Gurobi 10.0.0 (win64, Java) logging started Tue Dec 13 11:03:15 2022

Set parameter Username
Academic license - for non-commercial use only - expires 2023-12-01
Set parameter Presolve to value 1
Set parameter IntFeasTol to value 1e-06
Set parameter TimeLimit to value 600
Gurobi Optimizer version 10.0.0 build v10.0.0rc2 (win64)

CPU model: AMD Ryzen 9 5900X 12-Core Processor, instruction set [SSE2|AVX|AVX2]
Thread count: 12 physical cores, 24 logical processors, using up to 24 threads

Optimize a model with 2016477 rows, 1129350 columns and 5908900 nonzeros
Model fingerprint: 0xcf2a0d06
Variable types: 322400 continuous, 806950 integer (806950 binary)
Coefficient statistics:
  Matrix range     [1e+00, 1e+04]
  Objective range  [1e+00, 2e+02]
  Bounds range     [1e+00, 1e+04]
  RHS range        [1e-04, 8e+02]
Presolve removed 969050 rows and 726513 columns (presolve time = 6s) ...
Presolve removed 1695504 rows and 872094 columns (presolve time = 10s) ...
Presolve removed 1807750 rows and 968325 columns (presolve time = 15s) ...
Presolve removed 1807750 rows and 968325 columns (presolve time = 22s) ...
Presolve removed 1809073 rows and 969268 columns (presolve time = 25s) ...
Presolve removed 1809232 rows and 969239 columns
Presolve time: 28.84s
Presolved: 207245 rows, 160111 columns, 1628027 nonzeros
Variable types: 63725 continuous, 96386 integer (96351 binary)
Deterministic concurrent LP optimizer: primal simplex, dual simplex, and barrier
Showing barrier log only...

Root barrier log...

Ordering time: 0.14s

Barrier statistics:
 AA' NZ     : 2.301e+06
 Factor NZ  : 4.201e+06 (roughly 150 MB of memory)
 Factor Ops : 6.910e+08 (less than 1 second per iteration)
 Threads    : 9

                  Objective                Residual
Iter       Primal          Dual         Primal    Dual     Compl     Time
   0   1.13675370e+11 -3.12186379e+11  2.69e+06 4.58e+02  6.17e+06    33s
   1   4.88346662e+10 -2.04886598e+11  1.17e+06 4.01e+02  2.63e+06    34s
   2   1.11600193e+10 -7.55272755e+10  3.01e+05 1.77e-11  6.61e+05    34s
   3  -7.73127089e+09 -2.73170006e+10  5.76e+03 3.00e-11  5.36e+04    34s
   4  -1.17725727e+10 -1.44398339e+10  9.86e+02 1.11e-11  6.92e+03    34s
   5  -1.22473468e+10 -1.33240531e+10  4.23e+02 8.07e-12  2.78e+03    34s
   6  -1.24391442e+10 -1.28627178e+10  2.02e+02 4.77e-12  1.14e+03    34s
   7  -1.26009747e+10 -1.26786365e+10  1.93e+01 3.87e-12  1.92e+02    34s
   8  -1.26169159e+10 -1.26266729e+10  1.90e+00 3.14e-12  2.34e+01    34s
   9  -1.26183121e+10 -1.26212943e+10  1.82e-01 2.75e-12  7.13e+00    34s
  10  -1.26184513e+10 -1.26198554e+10  5.57e-02 1.15e-12  3.36e+00    34s
  11  -1.26184749e+10 -1.26192517e+10  2.55e-02 7.61e-13  1.86e+00    34s
  12  -1.26185010e+10 -1.26188336e+10  2.04e-03 5.68e-13  7.97e-01    34s
  13  -1.26185150e+10 -1.26186950e+10  6.74e-04 5.12e-13  4.31e-01    35s
  14  -1.26185376e+10 -1.26186173e+10  1.44e-04 4.55e-13  1.91e-01    35s
  15  -1.26185465e+10 -1.26185717e+10  2.93e-05 4.91e-13  6.05e-02    35s
  16  -1.26185504e+10 -1.26185604e+10  7.43e-06 9.09e-13  2.40e-02    35s
  17  -1.26185515e+10 -1.26185567e+10  3.06e-06 6.82e-13  1.25e-02    35s
  18  -1.26185520e+10 -1.26185547e+10  1.24e-06 5.68e-13  6.46e-03    35s
  19  -1.26185522e+10 -1.26185536e+10  5.67e-07 6.82e-13  3.28e-03    35s
  20  -1.26185522e+10 -1.26185534e+10  4.91e-07 9.09e-13  2.88e-03    35s
  21  -1.26185523e+10 -1.26185531e+10  3.88e-07 6.82e-13  1.91e-03    35s
  22  -1.26185523e+10 -1.26185530e+10  3.17e-07 5.68e-13  1.61e-03    35s
  23  -1.26185524e+10 -1.26185527e+10  1.92e-07 6.90e-13  9.08e-04    35s
  24  -1.26185524e+10 -1.26185526e+10  8.73e-08 6.82e-13  5.18e-04    36s
  25  -1.26185524e+10 -1.26185526e+10  3.84e-08 7.66e-13  3.40e-04    36s
  26  -1.26185524e+10 -1.26185525e+10  2.89e-08 7.09e-13  2.24e-04    36s

Barrier solved model in 26 iterations and 35.74 seconds (27.05 work units)
Optimal objective -1.26185524e+10


Root crossover log...

   84946 DPushes remaining with DInf 0.0000000e+00                36s
       0 DPushes remaining with DInf 0.0000000e+00                36s

   98895 PPushes remaining with PInf 6.6769627e-04                36s
       0 PPushes remaining with PInf 1.5722253e+00                37s

  Push phase complete: Pinf 1.5722253e+00, Dinf 7.2935210e+03     37s


Root simplex log...

Iteration    Objective       Primal Inf.    Dual Inf.      Time
  146134   -1.2618552e+10   0.000000e+00   7.293521e+03     37s
Concurrent spin time: 0.24s

Solved with dual simplex

Root simplex log...

Iteration    Objective       Primal Inf.    Dual Inf.      Time
   76557   -1.2618552e+10   0.000000e+00   0.000000e+00     37s

Use crossover to convert LP symmetric solution to basic solution...

Root crossover log...

   16429 DPushes remaining with DInf 0.0000000e+00                37s
       0 DPushes remaining with DInf 0.0000000e+00                37s

     994 PPushes remaining with PInf 0.0000000e+00                37s
       0 PPushes remaining with PInf 0.0000000e+00                38s

  Push phase complete: Pinf 0.0000000e+00, Dinf 7.3437500e-01     38s


Root simplex log...

Iteration    Objective       Primal Inf.    Dual Inf.      Time
   93868   -1.2618552e+10   0.000000e+00   7.343750e-01     38s
   94042   -1.2618552e+10   0.000000e+00   0.000000e+00     38s

Root relaxation: objective -1.261855e+10, 94042 iterations, 6.19 seconds (5.49 work units)
Total elapsed time = 40.17s

Gurobi 10.0.0 (win64, Java) logging started Tue Dec 13 11:06:53 2022

Set parameter Username
Academic license - for non-commercial use only - expires 2023-12-01
Set parameter Presolve to value 1
Set parameter IntFeasTol to value 1e-06
Set parameter TimeLimit to value 600
Gurobi Optimizer version 10.0.0 build v10.0.0rc2 (win64)

CPU model: AMD Ryzen 9 5900X 12-Core Processor, instruction set [SSE2|AVX|AVX2]
Thread count: 12 physical cores, 24 logical processors, using up to 24 threads

Optimize a model with 2016477 rows, 1129350 columns and 5908900 nonzeros
Model fingerprint: 0xea70116e
Variable types: 322400 continuous, 806950 integer (806950 binary)
Coefficient statistics:
  Matrix range     [1e+00, 1e+04]
  Objective range  [1e+00, 2e+02]
  Bounds range     [1e+00, 1e+04]
  RHS range        [1e-04, 8e+02]
Presolve removed 969050 rows and 726513 columns (presolve time = 6s) ...
Presolve removed 1695500 rows and 872091 columns (presolve time = 10s) ...
Presolve removed 1807750 rows and 968325 columns (presolve time = 15s) ...
Presolve removed 1807750 rows and 968337 columns (presolve time = 20s) ...
Presolve removed 1808944 rows and 969137 columns (presolve time = 25s) ...
Presolve removed 1808694 rows and 968887 columns
Presolve time: 25.87s
Presolved: 207783 rows, 160463 columns, 1630740 nonzeros
Variable types: 63816 continuous, 96647 integer (96612 binary)
Deterministic concurrent LP optimizer: primal simplex, dual simplex, and barrier
Showing barrier log only...

Root barrier log...

Ordering time: 0.13s

Barrier statistics:
 AA' NZ     : 2.304e+06
 Factor NZ  : 4.337e+06 (roughly 160 MB of memory)
 Factor Ops : 8.054e+08 (less than 1 second per iteration)
 Threads    : 9

                  Objective                Residual
Iter       Primal          Dual         Primal    Dual     Compl     Time
   0   9.44308176e+10 -3.35648177e+11  2.21e+06 4.60e+02  5.63e+06    30s
   1   3.28631571e+10 -2.07855354e+11  7.82e+05 4.35e+02  2.03e+06    31s
   2   9.98782328e+09 -6.13504564e+10  2.65e+05 1.55e-11  5.86e+05    31s
   3  -7.59673226e+09 -2.84334767e+10  1.13e+04 1.23e-11  6.40e+04    31s
   4  -1.19905490e+10 -1.52774107e+10  1.39e+03 1.27e-11  8.71e+03    31s
   5  -1.23818989e+10 -1.34970854e+10  5.10e+02 1.30e-11  2.92e+03    31s
   6  -1.25018061e+10 -1.29543479e+10  2.49e+02 6.93e-12  1.23e+03    31s
   7  -1.26108649e+10 -1.27093209e+10  1.40e+01 2.84e-12  2.41e+02    31s
   8  -1.26179342e+10 -1.26376618e+10  9.48e-01 1.15e-11  4.72e+01    31s
   9  -1.26184042e+10 -1.26226063e+10  5.53e-02 6.07e-12  1.00e+01    31s
  10  -1.26184623e+10 -1.26202446e+10  1.45e-02 1.96e-12  4.26e+00    31s
  11  -1.26184766e+10 -1.26194063e+10  6.61e-03 7.14e-13  2.22e+00    31s
  12  -1.26184945e+10 -1.26189470e+10  9.99e-04 1.18e-12  1.08e+00    32s
  13  -1.26185032e+10 -1.26187685e+10  4.85e-04 9.09e-13  6.33e-01    32s
  14  -1.26185190e+10 -1.26186756e+10  1.05e-04 8.30e-13  3.74e-01    32s
  15  -1.26185358e+10 -1.26186097e+10  2.75e-05 1.04e-12  1.76e-01    32s
  16  -1.26185450e+10 -1.26185790e+10  8.80e-06 6.82e-13  8.12e-02    32s
  17  -1.26185488e+10 -1.26185687e+10  3.66e-06 9.31e-13  4.76e-02    32s
  18  -1.26185509e+10 -1.26185620e+10  1.20e-06 5.68e-13  2.65e-02    32s
  19  -1.26185519e+10 -1.26185572e+10  3.21e-07 5.57e-13  1.27e-02    32s
  20  -1.26185521e+10 -1.26185544e+10  1.69e-07 5.68e-13  5.50e-03    32s
  21  -1.26185522e+10 -1.26185534e+10  1.02e-07 6.82e-13  2.74e-03    32s
  22  -1.26185523e+10 -1.26185530e+10  7.08e-08 6.82e-13  1.76e-03    32s
  23  -1.26185523e+10 -1.26185530e+10  6.82e-08 7.09e-13  1.60e-03    33s
  24  -1.26185523e+10 -1.26185529e+10  3.98e-08 6.82e-13  1.29e-03    33s
  25  -1.26185524e+10 -1.26185527e+10  2.57e-08 7.96e-13  7.38e-04    33s
  26  -1.26185524e+10 -1.26185526e+10  1.62e-08 4.68e-13  4.75e-04    33s
  27  -1.26185524e+10 -1.26185525e+10  2.76e-08 9.09e-13  2.12e-04    33s
  28  -1.26185524e+10 -1.26185525e+10  1.84e-08 5.01e-13  1.01e-04    33s
  29  -1.26185524e+10 -1.26185525e+10  3.48e-08 1.02e-12  5.85e-05    33s

Barrier solved model in 29 iterations and 33.03 seconds (22.84 work units)
Optimal objective -1.26185524e+10


Root crossover log...

   55804 DPushes remaining with DInf 0.0000000e+00                33s
       0 DPushes remaining with DInf 0.0000000e+00                33s

   86708 PPushes remaining with PInf 2.6440514e-01                33s
Concurrent spin time: 0.01s

Solved with dual simplex

Root simplex log...

Iteration    Objective       Primal Inf.    Dual Inf.      Time
   72532   -1.2618552e+10   0.000000e+00   0.000000e+00     34s

Use crossover to convert LP symmetric solution to basic solution...

Root crossover log...

   16444 DPushes remaining with DInf 0.0000000e+00                34s
       0 DPushes remaining with DInf 0.0000000e+00                34s

    1038 PPushes remaining with PInf 0.0000000e+00                34s
       0 PPushes remaining with PInf 0.0000000e+00                34s

  Push phase complete: Pinf 0.0000000e+00, Dinf 2.8582061e-12     34s


Root simplex log...

Iteration    Objective       Primal Inf.    Dual Inf.      Time
   90016   -1.2618552e+10   0.000000e+00   0.000000e+00     34s

Root relaxation: objective -1.261855e+10, 90016 iterations, 5.63 seconds (4.58 work units)
Total elapsed time = 36.65s

    Nodes    |    Current Node    |     Objective Bounds      |     Work
 Expl Unexpl |  Obj  Depth IntInf | Incumbent    BestBd   Gap | It/Node Time

     0     0 -1.262e+10    0 5729          - -1.262e+10      -     -   97s
     0     0 -1.262e+10    0 6076          - -1.262e+10      -     -   97s
     0     0 -1.262e+10    0 8189          - -1.262e+10      -     -  100s
     0     0 -1.262e+10    0 5355          - -1.262e+10      -     -  127s

Gurobi 10.0.0 (win64, Java) logging started Tue Dec 13 11:11:04 2022

Set parameter Username
Academic license - for non-commercial use only - expires 2023-12-01
Set parameter Presolve to value 1
Set parameter IntFeasTol to value 1e-06
Set parameter TimeLimit to value 600
Gurobi Optimizer version 10.0.0 build v10.0.0rc2 (win64)

CPU model: AMD Ryzen 9 5900X 12-Core Processor, instruction set [SSE2|AVX|AVX2]
Thread count: 12 physical cores, 24 logical processors, using up to 24 threads

Optimize a model with 2016477 rows, 1129350 columns and 5908900 nonzeros
Model fingerprint: 0xf1dc0464
Variable types: 258300 continuous, 871050 integer (806950 binary)
Coefficient statistics:
  Matrix range     [1e+00, 1e+04]
  Objective range  [1e+00, 2e+02]
  Bounds range     [1e+00, 1e+04]
  RHS range        [1e-04, 8e+02]
Presolve removed 969050 rows and 726317 columns (presolve time = 6s) ...
Presolve removed 1694905 rows and 871696 columns (presolve time = 10s) ...
Presolve removed 1807750 rows and 968325 columns (presolve time = 15s) ...
Presolve removed 1807750 rows and 968325 columns (presolve time = 21s) ...
Presolve removed 1808849 rows and 969034 columns
Presolve time: 23.62s
Presolved: 207628 rows, 160316 columns, 1625715 nonzeros
Variable types: 0 continuous, 160316 integer (96539 binary)
Deterministic concurrent LP optimizer: primal simplex, dual simplex, and barrier
Showing barrier log only...

Root barrier log...

Ordering time: 0.12s

Barrier statistics:
 AA' NZ     : 2.252e+06
 Factor NZ  : 4.005e+06 (roughly 150 MB of memory)
 Factor Ops : 5.493e+08 (less than 1 second per iteration)
 Threads    : 9

                  Objective                Residual
Iter       Primal          Dual         Primal    Dual     Compl     Time
   0   1.34719330e+11 -3.47253516e+11  3.17e+06 4.64e+02  8.00e+06    29s
   1   4.19492897e+10 -2.30092440e+11  1.00e+06 3.05e+02  2.62e+06    29s
   2  -8.70473047e+08 -7.62860839e+10  2.51e+04 7.48e+00  2.21e+05    29s
   3  -7.50479041e+09 -1.97156699e+10  1.67e+03 5.23e-12  3.06e+04    29s
   4  -1.08571841e+10 -1.52426585e+10  5.88e+02 4.55e-12  1.09e+04    29s
   5  -1.14823389e+10 -1.37581254e+10  3.77e+02 3.41e-12  5.68e+03    29s
   6  -1.19915197e+10 -1.31607412e+10  2.07e+02 6.59e-12  2.99e+03    29s
   7  -1.26028046e+10 -1.27446743e+10  4.13e+00 5.23e-12  3.43e+02    29s
   8  -1.26179635e+10 -1.26384671e+10  8.85e-02 8.67e-12  4.92e+01    29s
   9  -1.26183562e+10 -1.26233007e+10  4.60e-03 1.89e-12  1.19e+01    29s
  10  -1.26184358e+10 -1.26206460e+10  4.03e-04 8.13e-13  5.30e+00    29s
  11  -1.26184549e+10 -1.26195244e+10  4.86e-05 5.68e-13  2.56e+00    29s
  12  -1.26184690e+10 -1.26189801e+10  8.84e-06 4.55e-13  1.23e+00    29s
  13  -1.26184857e+10 -1.26187182e+10  9.59e-08 5.76e-13  5.58e-01    30s
  14  -1.26185078e+10 -1.26185878e+10  4.42e-09 9.09e-13  1.92e-01    30s
  15  -1.26185169e+10 -1.26185528e+10  9.04e-09 7.96e-13  8.61e-02    30s
  16  -1.26185202e+10 -1.26185386e+10  1.00e-08 5.68e-13  4.42e-02    30s
  17  -1.26185216e+10 -1.26185302e+10  1.36e-08 6.82e-13  2.06e-02    30s
  18  -1.26185223e+10 -1.26185260e+10  1.34e-08 6.82e-13  9.06e-03    30s
  19  -1.26185224e+10 -1.26185245e+10  1.36e-08 5.68e-13  5.06e-03    30s
  20  -1.26185225e+10 -1.26185237e+10  1.56e-08 6.82e-13  2.90e-03    30s
  21  -1.26185226e+10 -1.26185235e+10  1.54e-08 5.68e-13  2.15e-03    30s
  22  -1.26185226e+10 -1.26185232e+10  1.41e-08 4.93e-13  1.27e-03    30s
  23  -1.26185227e+10 -1.26185230e+10  1.97e-08 4.55e-13  8.57e-04    30s
  24  -1.26185227e+10 -1.26185229e+10  2.86e-08 5.68e-13  6.19e-04    30s
  25  -1.26185227e+10 -1.26185228e+10  1.73e-08 4.55e-13  3.97e-04    30s

Barrier performed 25 iterations in 30.48 seconds (24.23 work units)
Barrier solve interrupted - model solved by another algorithm

Concurrent spin time: 1.83s (can be avoided by choosing Method=3)

Solved with primal simplex

Root simplex log...

Iteration    Objective       Primal Inf.    Dual Inf.      Time
   22045   -1.2618523e+10   0.000000e+00   0.000000e+00     31s
Extra simplex iterations after uncrush: 20

Use crossover to convert LP symmetric solution to basic solution...

Root crossover log...

    2406 DPushes remaining with DInf 0.0000000e+00                31s
       0 DPushes remaining with DInf 0.0000000e+00                31s

    7325 PPushes remaining with PInf 0.0000000e+00                31s
       0 PPushes remaining with PInf 1.0546875e-03                32s

  Push phase complete: Pinf 1.0546875e-03, Dinf 1.2102344e+02     32s


Root simplex log...

Iteration    Objective       Primal Inf.    Dual Inf.      Time
   29482   -1.2618523e+10   0.000000e+00   1.210234e+02     32s
   32439   -1.2618523e+10   0.000000e+00   0.000000e+00     32s

Root relaxation: objective -1.261852e+10, 32439 iterations, 5.06 seconds (4.67 work units)

    Nodes    |    Current Node    |     Objective Bounds      |     Work
 Expl Unexpl |  Obj  Depth IntInf | Incumbent    BestBd   Gap | It/Node Time

     0     0 -1.262e+10    0 12550          - -1.262e+10      -     -   37s

Gurobi 10.0.0 (win64, Java) logging started Tue Dec 13 11:13:38 2022

Set parameter Username
Academic license - for non-commercial use only - expires 2023-12-01
Set parameter Presolve to value 1
Set parameter IntFeasTol to value 1e-06
Set parameter TimeLimit to value 600
Gurobi Optimizer version 10.0.0 build v10.0.0rc2 (win64)

CPU model: AMD Ryzen 9 5900X 12-Core Processor, instruction set [SSE2|AVX|AVX2]
Thread count: 12 physical cores, 24 logical processors, using up to 24 threads

Optimize a model with 2080577 rows, 1129350 columns and 5973000 nonzeros
Model fingerprint: 0xb08faf3e
Variable types: 258300 continuous, 871050 integer (806950 binary)
Coefficient statistics:
  Matrix range     [1e+00, 1e+04]
  Objective range  [1e+00, 2e+02]
  Bounds range     [1e+00, 1e+04]
  RHS range        [1e-04, 8e+02]
Presolve removed 258725 rows and 0 columns
Presolve time: 0.65s

Explored 0 nodes (0 simplex iterations) in 2.37 seconds (1.27 work units)
Thread count was 1 (of 24 available processors)

Solution count 0

Model is infeasible
Best objective -, best bound -, gap -

Gurobi 10.0.0 (win64, Java) logging started Tue Dec 13 11:16:17 2022

Set parameter Username
Academic license - for non-commercial use only - expires 2023-12-01
Set parameter Presolve to value 1
Set parameter IntFeasTol to value 1e-06
Set parameter TimeLimit to value 600
Gurobi Optimizer version 10.0.0 build v10.0.0rc2 (win64)

CPU model: AMD Ryzen 9 5900X 12-Core Processor, instruction set [SSE2|AVX|AVX2]
Thread count: 12 physical cores, 24 logical processors, using up to 24 threads

Optimize a model with 2016477 rows, 1129350 columns and 5908900 nonzeros
Model fingerprint: 0x8853ffe5
Variable types: 258300 continuous, 871050 integer (806950 binary)
Coefficient statistics:
  Matrix range     [1e+00, 1e+04]
  Objective range  [1e+00, 2e+02]
  Bounds range     [1e+00, 1e+04]
  RHS range        [1e-04, 8e+02]
Presolve removed 969050 rows and 726900 columns (presolve time = 6s) ...
Presolve removed 1694992 rows and 871773 columns (presolve time = 10s) ...
Presolve removed 1807750 rows and 968325 columns (presolve time = 15s) ...
Presolve removed 1807750 rows and 968325 columns (presolve time = 21s) ...
Presolve removed 1809861 rows and 969687 columns
Presolve time: 24.29s
Presolved: 206616 rows, 159663 columns, 1618219 nonzeros
Variable types: 0 continuous, 159663 integer (96033 binary)
Deterministic concurrent LP optimizer: primal simplex, dual simplex, and barrier
Showing barrier log only...

Root barrier log...

Ordering time: 0.12s

Barrier statistics:
 AA' NZ     : 2.210e+06
 Factor NZ  : 3.948e+06 (roughly 150 MB of memory)
 Factor Ops : 5.322e+08 (less than 1 second per iteration)
 Threads    : 9

                  Objective                Residual
Iter       Primal          Dual         Primal    Dual     Compl     Time
   0   1.22662726e+11 -3.35298591e+11  1.47e+06 5.41e+02  7.21e+06    29s
   1   4.03299787e+10 -2.31561617e+11  4.87e+05 5.16e+02  2.52e+06    29s
   2  -3.01926298e+08 -9.53471111e+10  2.02e+04 1.85e+01  2.96e+05    29s
   3  -5.80419567e+09 -6.32465313e+10  1.82e+03 7.73e-12  1.45e+05    29s
   4  -8.77332104e+09 -2.05488185e+10  5.32e+02 5.23e-12  2.93e+04    29s
   5  -1.07542755e+10 -1.78192802e+10  2.51e+02 2.96e-12  1.75e+04    29s
   6  -1.13629990e+10 -1.38406288e+10  1.64e+02 4.55e-12  6.26e+03    29s
   7  -1.23352057e+10 -1.29078679e+10  3.65e+01 5.80e-12  1.45e+03    29s
   8  -1.26132548e+10 -1.26919568e+10  5.40e-01 5.12e-12  1.92e+02    29s
   9  -1.26178192e+10 -1.26328345e+10  6.82e-02 3.08e-12  3.65e+01    29s
  10  -1.26183202e+10 -1.26242380e+10  1.17e-02 1.30e-12  1.44e+01    29s
  11  -1.26184293e+10 -1.26209503e+10  1.82e-03 6.82e-13  6.13e+00    29s
  12  -1.26184564e+10 -1.26195672e+10  2.90e-04 5.37e-13  2.70e+00    30s
  13  -1.26184761e+10 -1.26188406e+10  2.00e-05 3.41e-13  8.86e-01    30s
  14  -1.26185015e+10 -1.26186187e+10  3.79e-12 5.68e-13  2.85e-01    30s
  15  -1.26185158e+10 -1.26185644e+10  1.12e-12 5.68e-13  1.18e-01    30s

Barrier performed 15 iterations in 29.80 seconds (24.12 work units)
Barrier solve interrupted - model solved by another algorithm

Concurrent spin time: 1.25s (can be avoided by choosing Method=3)

Solved with primal simplex

Root simplex log...

Iteration    Objective       Primal Inf.    Dual Inf.      Time
   28842   -1.2618523e+10   0.000000e+00   0.000000e+00     30s
Extra simplex iterations after uncrush: 8

Use crossover to convert LP symmetric solution to basic solution...

Root crossover log...

    5983 DPushes remaining with DInf 0.0000000e+00                30s
       0 DPushes remaining with DInf 0.0000000e+00                31s

    6982 PPushes remaining with PInf 0.0000000e+00                31s
       0 PPushes remaining with PInf 1.3283000e-04                31s

  Push phase complete: Pinf 1.3283000e-04, Dinf 1.5678906e+02     31s


Root simplex log...

Iteration    Objective       Primal Inf.    Dual Inf.      Time
   36409   -1.2618523e+10   0.000000e+00   1.567891e+02     31s
   41034   -1.2618523e+10   0.000000e+00   0.000000e+00     31s

Root relaxation: objective -1.261852e+10, 41034 iterations, 4.04 seconds (3.70 work units)

    Nodes    |    Current Node    |     Objective Bounds      |     Work
 Expl Unexpl |  Obj  Depth IntInf | Incumbent    BestBd   Gap | It/Node Time

     0     0 -1.262e+10    0 12527          - -1.262e+10      -     -   37s
     0     0 -1.262e+10    0 12495          - -1.262e+10      -     -   44s
     0     0 -1.262e+10    0 12486          - -1.262e+10      -     -   47s
     0     0 -1.262e+10    0 12492          - -1.262e+10      -     -   51s
     0     0 -1.262e+10    0 12488          - -1.262e+10      -     -   53s
     0     0 -1.262e+10    0 12487          - -1.262e+10      -     -   56s
     0     0 -1.262e+10    0 12459          - -1.262e+10      -     -   59s
     0     0 -1.262e+10    0 14418          - -1.262e+10      -     -   81s
     0     0 -1.262e+10    0 14419          - -1.262e+10      -     -   85s
     0     0 -1.262e+10    0 10270          - -1.262e+10      -     -  103s

Gurobi 10.0.0 (win64, Java) logging started Tue Dec 13 11:36:52 2022

Set parameter Username
Academic license - for non-commercial use only - expires 2023-12-01
Set parameter Presolve to value 1
Set parameter IntFeasTol to value 1e-06
Set parameter TimeLimit to value 600
Gurobi Optimizer version 10.0.0 build v10.0.0rc2 (win64)

CPU model: AMD Ryzen 9 5900X 12-Core Processor, instruction set [SSE2|AVX|AVX2]
Thread count: 12 physical cores, 24 logical processors, using up to 24 threads

Optimize a model with 2016477 rows, 1129350 columns and 5908900 nonzeros
Model fingerprint: 0x6adc0344
Variable types: 258300 continuous, 871050 integer (806950 binary)
Coefficient statistics:
  Matrix range     [1e+00, 1e+04]
  Objective range  [3e+01, 2e+02]
  Bounds range     [1e+00, 1e+04]
  RHS range        [1e-04, 8e+02]
Presolve removed 969050 rows and 645925 columns (presolve time = 5s) ...
Presolve removed 1615264 rows and 872082 columns (presolve time = 10s) ...
Presolve removed 1807750 rows and 968325 columns (presolve time = 15s) ...
Presolve removed 1807723 rows and 968298 columns
Presolve time: 18.91s
Presolved: 208754 rows, 161052 columns, 1730724 nonzeros
Variable types: 0 continuous, 161052 integer (97092 binary)
Deterministic concurrent LP optimizer: primal simplex, dual simplex, and barrier
Showing barrier log only...

Root barrier log...

Ordering time: 0.19s

Barrier statistics:
 AA' NZ     : 2.455e+06
 Factor NZ  : 4.289e+06 (roughly 150 MB of memory)
 Factor Ops : 5.959e+08 (less than 1 second per iteration)
 Threads    : 9

                  Objective                Residual
Iter       Primal          Dual         Primal    Dual     Compl     Time
   0   9.09839348e+09 -3.50314017e+11  1.88e+05 5.76e+02  1.33e+06    24s
   1   1.64726991e+09 -1.79036236e+11  4.88e+04 1.04e+03  5.32e+05    24s
   2  -3.07541456e+09 -2.11715618e+10  2.95e+03 3.70e+01  4.63e+04    24s
   3  -1.07960757e+10 -1.33250665e+10  5.05e+02 3.38e-01  6.37e+03    24s
   4  -1.20783630e+10 -1.28840595e+10  1.47e+02 3.98e-12  2.04e+03    24s
   5  -1.26073550e+10 -1.27141205e+10  2.98e+00 2.61e-12  2.57e+02    24s
   6  -1.26154240e+10 -1.26597282e+10  9.02e-01 2.16e-12  1.06e+02    24s
   7  -1.26182343e+10 -1.26241816e+10  6.97e-02 2.12e-12  1.42e+01    25s
   8  -1.26185026e+10 -1.26185694e+10  2.73e-03 5.81e-13  1.60e-01    25s
   9  -1.26185226e+10 -1.26185232e+10  3.45e-06 6.82e-13  1.41e-03    25s
  10  -1.26185227e+10 -1.26185227e+10  1.06e-08 6.82e-13  7.24e-07    25s
  11  -1.26185227e+10 -1.26185227e+10  2.22e-08 6.82e-13  4.00e-12    25s

Barrier solved model in 11 iterations and 24.91 seconds (15.92 work units)
Optimal objective -1.26185227e+10


Root crossover log...

     754 DPushes remaining with DInf 0.0000000e+00                25s
       0 DPushes remaining with DInf 0.0000000e+00                25s

  100226 PPushes remaining with PInf 0.0000000e+00                25s
Concurrent spin time: 0.10s

Solved with dual simplex

Root simplex log...

Iteration    Objective       Primal Inf.    Dual Inf.      Time
   34527   -1.2618523e+10   0.000000e+00   0.000000e+00     26s

Use crossover to convert LP symmetric solution to basic solution...

Root crossover log...

       0 DPushes remaining with DInf 0.0000000e+00                26s

   11482 PPushes remaining with PInf 0.0000000e+00                26s
       0 PPushes remaining with PInf 0.0000000e+00                26s

  Push phase complete: Pinf 0.0000000e+00, Dinf 0.0000000e+00     26s


Root simplex log...

Iteration    Objective       Primal Inf.    Dual Inf.      Time
   46012   -1.2618523e+10   0.000000e+00   0.000000e+00     26s

Root relaxation: objective -1.261852e+10, 46012 iterations, 4.41 seconds (3.89 work units)

    Nodes    |    Current Node    |     Objective Bounds      |     Work
 Expl Unexpl |  Obj  Depth IntInf | Incumbent    BestBd   Gap | It/Node Time

     0     0 -1.262e+10    0 1288          - -1.262e+10      -     -   38s
     0     0 -1.262e+10    0 1337          - -1.262e+10      -     -   39s
     0     0 -1.262e+10    0 3248          - -1.262e+10      -     -   63s
     0     0 -1.262e+10    0 3902          - -1.262e+10      -     -   92s
     0     0 -1.262e+10    0 3850          - -1.262e+10      -     -   94s
     0     0 -1.262e+10    0 1336          - -1.262e+10      -     -  115s
     0     0 -1.262e+10    0 1779          - -1.262e+10      -     -  136s
     0     0 -1.262e+10    0 1946          - -1.262e+10      -     -  145s
     0     0 -1.262e+10    0 1942          - -1.262e+10      -     -  145s
     0     0 -1.262e+10    0 1942          - -1.262e+10      -     -  145s
     0     0 -1.262e+10    0 2022          - -1.262e+10      -     -  174s
     0     0 -1.262e+10    0 2133          - -1.262e+10      -     -  174s
     0     0 -1.262e+10    0 2618          - -1.262e+10      -     -  190s
     0     0 -1.262e+10    0 1780          - -1.262e+10      -     -  202s
     0     0 -1.262e+10    0 2301          - -1.262e+10      -     -  205s
     0     0 -1.262e+10    0 3231          - -1.262e+10      -     -  218s
     0     0 -1.262e+10    0 2608          - -1.262e+10      -     -  222s
     0     2 -1.262e+10    0 2608          - -1.262e+10      -     -  265s

Gurobi 10.0.0 (win64, Java) logging started Tue Dec 13 11:44:52 2022

Set parameter Username
Academic license - for non-commercial use only - expires 2023-12-01
Set parameter Presolve to value 1
Set parameter IntFeasTol to value 1e-06
Set parameter TimeLimit to value 600
Gurobi Optimizer version 10.0.0 build v10.0.0rc2 (win64)

CPU model: AMD Ryzen 9 5900X 12-Core Processor, instruction set [SSE2|AVX|AVX2]
Thread count: 12 physical cores, 24 logical processors, using up to 24 threads

Optimize a model with 2016477 rows, 1129350 columns and 5908900 nonzeros
Model fingerprint: 0x954b7e04
Variable types: 258300 continuous, 871050 integer (806950 binary)
Coefficient statistics:
  Matrix range     [1e+00, 1e+04]
  Objective range  [7e-08, 1e+100]
  Bounds range     [1e+00, 1e+04]
  RHS range        [1e-04, 8e+02]
Warning: Model contains large objective coefficients
         Consider reformulating model or setting NumericFocus parameter
         to avoid numerical issues.
Presolve removed 969050 rows and 645925 columns (presolve time = 5s) ...
Presolve removed 1614702 rows and 871801 columns (presolve time = 10s) ...
Presolve removed 1807750 rows and 968325 columns (presolve time = 15s) ...
Presolve removed 1807750 rows and 968325 columns (presolve time = 23s) ...
Presolve removed 1809068 rows and 969265 columns (presolve time = 25s) ...
Presolve removed 1808815 rows and 969012 columns
Presolve time: 25.68s
Presolved: 207662 rows, 160338 columns, 1626075 nonzeros
Variable types: 0 continuous, 160338 integer (96556 binary)
Deterministic concurrent LP optimizer: primal simplex, dual simplex, and barrier
Showing barrier log only...

Root barrier log...

Ordering time: 0.13s

Barrier statistics:
 AA' NZ     : 2.242e+06
 Factor NZ  : 3.992e+06 (roughly 150 MB of memory)
 Factor Ops : 5.401e+08 (less than 1 second per iteration)
 Threads    : 9

                  Objective                Residual
Iter       Primal          Dual         Primal    Dual     Compl     Time
   0  3.26129525e+106 -4.94253289e+105  3.85e+06 8.00e+100  7.80e+13    30s
   1  3.26129525e+106 -4.94253289e+105  3.85e+06 8.00e+100  7.80e+13    30s
   2  -4.94253289e+105       -nan(ind)  1.25e+06 -nan(ind)  9.35e-61    31s

Barrier performed 2 iterations in 30.56 seconds (22.15 work units)
Sub-optimal termination - objective -4.94253289e+105


Root simplex log...

Iteration    Objective       Primal Inf.    Dual Inf.      Time
       0   -4.9425329e+105   1.590693e+08   0.000000e+00     31s
Concurrent spin time: 1.16s (can be avoided by choosing Method=3)

Solved with primal simplex

Root simplex log...

Iteration    Objective       Primal Inf.    Dual Inf.      Time
   18855   -1.0640000e+104   0.000000e+00   0.000000e+00     31s

Use crossover to convert LP symmetric solution to basic solution...

Root crossover log...

     353 DPushes remaining with DInf 0.0000000e+00                32s
       0 DPushes remaining with DInf 1.3538462e-04                32s

    5584 PPushes remaining with PInf 0.0000000e+00                32s
       0 PPushes remaining with PInf 2.5000000e-05                32s

  Push phase complete: Pinf 2.5000000e-05, Dinf 2.1033654e-04     32s


Root simplex log...

Iteration    Objective       Primal Inf.    Dual Inf.      Time
   24599   1.6000000e+102   0.000000e+00   2.103365e-04     32s

Root relaxation: cutoff, 24734 iterations, 3.47 seconds (2.88 work units)

    Nodes    |    Current Node    |     Objective Bounds      |     Work
 Expl Unexpl |  Obj  Depth IntInf | Incumbent    BestBd   Gap | It/Node Time

     0     0     cutoff    0               - infeasible      -     -   31s

Explored 1 nodes (24734 simplex iterations) in 31.93 seconds (23.28 work units)
Thread count was 24 (of 24 available processors)

Solution count 0

Model is infeasible
Best objective -, best bound -, gap -

Gurobi 10.0.0 (win64, Java) logging started Tue Dec 13 11:49:15 2022

Set parameter Username
Academic license - for non-commercial use only - expires 2023-12-01
Set parameter Presolve to value 1
Set parameter IntFeasTol to value 1e-06
Set parameter TimeLimit to value 600
Gurobi Optimizer version 10.0.0 build v10.0.0rc2 (win64)

CPU model: AMD Ryzen 9 5900X 12-Core Processor, instruction set [SSE2|AVX|AVX2]
Thread count: 12 physical cores, 24 logical processors, using up to 24 threads

Optimize a model with 2016477 rows, 1129350 columns and 5908900 nonzeros
Model fingerprint: 0x89667ded
Variable types: 258300 continuous, 871050 integer (806950 binary)
Coefficient statistics:
  Matrix range     [1e+00, 1e+04]
  Objective range  [3e-04, 2e-03]
  Bounds range     [1e+00, 1e+04]
  RHS range        [1e-04, 8e+02]
Presolve removed 969050 rows and 645925 columns (presolve time = 5s) ...
Presolve removed 1614524 rows and 871712 columns (presolve time = 10s) ...
Presolve removed 1807750 rows and 968325 columns (presolve time = 15s) ...
Presolve removed 1807750 rows and 968325 columns (presolve time = 23s) ...
Presolve removed 1809826 rows and 969655 columns (presolve time = 25s) ...
Presolve removed 1809915 rows and 969723 columns
Presolve time: 27.10s
Presolved: 206562 rows, 159627 columns, 1617570 nonzeros
Variable types: 0 continuous, 159627 integer (96006 binary)
Deterministic concurrent LP optimizer: primal simplex, dual simplex, and barrier
Showing barrier log only...

Root barrier log...

Ordering time: 0.12s

Barrier statistics:
 AA' NZ     : 2.228e+06
 Factor NZ  : 3.943e+06 (roughly 150 MB of memory)
 Factor Ops : 5.111e+08 (less than 1 second per iteration)
 Threads    : 9

                  Objective                Residual
Iter       Primal          Dual         Primal    Dual     Compl     Time
   0   1.21835852e+06 -1.55254462e+07  1.47e+06 1.39e-17  3.32e+02    32s

Barrier performed 0 iterations in 31.83 seconds (22.90 work units)
Barrier solve interrupted - model solved by another algorithm

Concurrent spin time: 0.44s (can be avoided by choosing Method=3)

Solved with primal simplex

Root simplex log...

Iteration    Objective       Primal Inf.    Dual Inf.      Time
   25167   -1.2618523e+05   0.000000e+00   0.000000e+00     32s

Use crossover to convert LP symmetric solution to basic solution...

Root crossover log...

    8758 PPushes remaining with PInf 0.0000000e+00                32s
       0 PPushes remaining with PInf 1.1562500e-04                32s

  Push phase complete: Pinf 1.1562500e-04, Dinf 0.0000000e+00     32s


Root simplex log...

Iteration    Objective       Primal Inf.    Dual Inf.      Time
   33928   -1.2618523e+05   1.156250e-04   0.000000e+00     32s
   33937   -1.2618523e+05   0.000000e+00   0.000000e+00     32s

Root relaxation: objective -1.261852e+05, 33937 iterations, 2.53 seconds (1.90 work units)
Total elapsed time = 35.17s

    Nodes    |    Current Node    |     Objective Bounds      |     Work
 Expl Unexpl |  Obj  Depth IntInf | Incumbent    BestBd   Gap | It/Node Time

     0     0 -126185.23    0 1405          - -126185.23      -     -   44s
     0     0 -126185.23    0 1639          - -126185.23      -     -   78s
     0     0 -126185.23    0 1650          - -126185.23      -     -   78s
     0     0 -126185.23    0 1561          - -126185.23      -     -   83s
     0     0 -126185.23    0 1483          - -126185.23      -     -   83s
     0     0 -126185.23    0 1650          - -126185.23      -     -  102s
     0     0 -126185.23    0 1636          - -126185.23      -     -  104s
     0     0 -126185.23    0 2942          - -126185.23      -     -  138s
     0     0 -126185.23    0 2926          - -126185.23      -     -  146s
     0     0 -126185.23    0 3302          - -126185.23      -     -  169s
     0     0 -126185.23    0 3300          - -126185.23      -     -  169s
     0     0 -126185.23    0 1744          - -126185.23      -     -  188s
     0     0 -126185.23    0 2407          - -126185.23      -     -  204s
     0     0 -126185.23    0 2103          - -126185.23      -     -  216s
     0     0 -126185.23    0 2824          - -126185.23      -     -  222s
     0     0 -126185.23    0 2634          - -126185.23      -     -  222s
     0     0 -126185.23    0 3171          - -126185.23      -     -  243s
     0     0 -126185.23    0 3317          - -126185.23      -     -  250s
     0     0 -126185.23    0 3554          - -126185.23      -     -  265s
     0     0 -126185.23    0 3509          - -126185.23      -     -  265s
     0     0 -126185.23    0 3504          - -126185.23      -     -  267s
     0     2 -126185.23    0 2711          - -126185.23      -     -  318s
     3     4 -126185.23    2 3229          - -126185.23      -  3817  321s
     5     8 -126185.23    3 3293          - -126185.23      -  2513  326s
     9    16 -126185.23    4 4441          - -126185.23      -  2485  334s
    17    28 -126185.23    5 5035          - -126185.23      -  2961  343s
    29    40 -126185.23    6 5210          - -126185.23      -  2803  355s
    53    58 -126185.23    7 4990          - -126185.23      -  2402  361s
    82    84 -126185.20    9 5393          - -126185.23      -  1681  366s
   114   131 -126185.23   10 4920          - -126185.23      -  1238  371s
   156   208 -126185.23   12 4268          - -126185.23      -   995  381s
   257   326 -126185.21   17 4700          - -126185.23      -   705  397s
   466   683 infeasible   23               - -126185.23      -   440  426s
  1035  1517 -126185.18   11 5075          - -126185.23      -   253  469s
  2000  2431 -126185.16   56 3900          - -126185.23      -   153  505s
  2914  3295 -126185.15  129 3687          - -126185.23      -   107  540s
  3778  4149 -126185.15  183 3527          - -126185.23      -  85.0  575s
  4632  4756 -126185.15  228 3411          - -126185.23      -  71.0  600s

Cutting planes:
  Learned: 3547
  Gomory: 3
  Cover: 1559
  Implied bound: 225
  Clique: 10459
  MIR: 496
  StrongCG: 23
  Flow cover: 40
  GUB cover: 27
  Zero half: 3
  RLT: 419
  Relax-and-lift: 11
  BQP: 3
  PSD: 77

Explored 5239 nodes (663914 simplex iterations) in 600.87 seconds (410.93 work units)
Thread count was 24 (of 24 available processors)

Solution count 0

Time limit reached
Best objective -, best bound -1.261852270000e+05, gap -

Gurobi 10.0.0 (win64, Java) logging started Tue Dec 13 12:03:12 2022

Set parameter Username
Academic license - for non-commercial use only - expires 2023-12-01
Set parameter Presolve to value 1
Set parameter IntFeasTol to value 1e-06
Set parameter TimeLimit to value 600
Gurobi Optimizer version 10.0.0 build v10.0.0rc2 (win64)

CPU model: AMD Ryzen 9 5900X 12-Core Processor, instruction set [SSE2|AVX|AVX2]
Thread count: 12 physical cores, 24 logical processors, using up to 24 threads

Optimize a model with 2016477 rows, 1129350 columns and 5908900 nonzeros
Model fingerprint: 0x95984de1
Variable types: 258300 continuous, 871050 integer (806950 binary)
Coefficient statistics:
  Matrix range     [1e+00, 1e+04]
  Objective range  [3e-04, 2e-03]
  Bounds range     [1e+00, 1e+04]
  RHS range        [1e-04, 8e+02]
Presolve removed 969050 rows and 645925 columns (presolve time = 5s) ...
Presolve removed 1614646 rows and 871773 columns (presolve time = 10s) ...

Gurobi 10.0.0 (win64, Java) logging started Tue Dec 13 12:08:14 2022

Set parameter Username
Academic license - for non-commercial use only - expires 2023-12-01
Set parameter Presolve to value 1
Set parameter IntFeasTol to value 1e-06
Set parameter TimeLimit to value 600
Gurobi Optimizer version 10.0.0 build v10.0.0rc2 (win64)

CPU model: AMD Ryzen 9 5900X 12-Core Processor, instruction set [SSE2|AVX|AVX2]
Thread count: 12 physical cores, 24 logical processors, using up to 24 threads

Optimize a model with 2080577 rows, 1129350 columns and 5973000 nonzeros
Model fingerprint: 0x34dedc45
Variable types: 258300 continuous, 871050 integer (806950 binary)
Coefficient statistics:
  Matrix range     [1e+00, 1e+04]
  Objective range  [3e-04, 2e-03]
  Bounds range     [1e+00, 1e+04]
  RHS range        [1e-04, 8e+02]
Presolve removed 1033150 rows and 677800 columns (presolve time = 5s) ...
Presolve removed 1678848 rows and 903574 columns (presolve time = 10s) ...
Presolve removed 1872100 rows and 1000200 columns (presolve time = 15s) ...
Presolve removed 1872100 rows and 1000200 columns (presolve time = 20s) ...
Presolve removed 1872100 rows and 1000200 columns (presolve time = 25s) ...
Presolve removed 1872100 rows and 1000200 columns (presolve time = 30s) ...
Presolve removed 1872100 rows and 1000200 columns (presolve time = 35s) ...
Presolve removed 1872100 rows and 1000200 columns (presolve time = 40s) ...
Presolve removed 1872100 rows and 1000200 columns (presolve time = 45s) ...
Presolve removed 1872100 rows and 1000200 columns (presolve time = 50s) ...
Presolve removed 1872100 rows and 1000200 columns (presolve time = 144s) ...
Presolve removed 2013001 rows and 1074909 columns (presolve time = 145s) ...
Presolve removed 2013003 rows and 1074882 columns
Presolve time: 147.67s
Presolved: 67574 rows, 54468 columns, 978832 nonzeros
Variable types: 0 continuous, 54468 integer (27608 binary)
Deterministic concurrent LP optimizer: primal simplex, dual simplex, and barrier
Showing barrier log only...

Root barrier log...

Ordering time: 0.01s

Barrier performed 0 iterations in 150.43 seconds (80.62 work units)
Barrier solve interrupted - model solved by another algorithm

Concurrent spin time: 0.03s

Solved with dual simplex

Root simplex log...

Iteration    Objective       Primal Inf.    Dual Inf.      Time
    3720    3.0052000e+00   0.000000e+00   0.000000e+00    150s

Use crossover to convert LP symmetric solution to basic solution...

Root crossover log...

    1967 PPushes remaining with PInf 0.0000000e+00               151s
       0 PPushes remaining with PInf 0.0000000e+00               151s

  Push phase complete: Pinf 0.0000000e+00, Dinf 0.0000000e+00    151s


Root simplex log...

Iteration    Objective       Primal Inf.    Dual Inf.      Time
    5690    3.0052000e+00   0.000000e+00   0.000000e+00    151s

Root relaxation: objective 3.005200e+00, 5690 iterations, 0.66 seconds (0.59 work units)

    Nodes    |    Current Node    |     Objective Bounds      |     Work
 Expl Unexpl |  Obj  Depth IntInf | Incumbent    BestBd   Gap | It/Node Time

     0     0    3.00520    0  215          -    3.00520      -     -  154s
     0     0    3.00520    0 1152          -    3.00520      -     -  165s
     0     0    3.00520    0 1030          -    3.00520      -     -  165s
     0     0    3.00520    0 1032          -    3.00520      -     -  166s
     0     0    3.00520    0 1029          -    3.00520      -     -  166s
     0     0    3.00520    0 1160          -    3.00520      -     -  168s
     0     0    3.00520    0 1151          -    3.00520      -     -  168s
     0     0    3.00520    0 1001          -    3.00520      -     -  168s
     0     0    3.00520    0   98          -    3.00520      -     -  175s
     0     0    3.00520    0  109          -    3.00520      -     -  175s
     0     0    3.00520    0  457          -    3.00520      -     -  183s
     0     0    3.00520    0  435          -    3.00520      -     -  183s
     0     0    3.00520    0  433          -    3.00520      -     -  183s
     0     0    3.00520    0  435          -    3.00520      -     -  183s
     0     0    3.00520    0 1209          -    3.00520      -     -  187s
     0     0    3.00520    0 1151          -    3.00520      -     -  187s
     0     0    3.00520    0  103          -    3.00520      -     -  192s
     0     0    3.00520    0  771          -    3.00520      -     -  194s
     0     0    3.00520    0  820          -    3.00520      -     -  194s
     0     0    3.00520    0  813          -    3.00520      -     -  194s
     0     0    3.00520    0   38          -    3.00520      -     -  198s
     0     0    3.00520    0  630          -    3.00520      -     -  200s
     0     0    3.00520    0  410          -    3.00520      -     -  204s
     0     0    3.00520    0  401          -    3.00520      -     -  204s
     0     0    3.00520    0  398          -    3.00520      -     -  205s
     0     0    3.00520    0  892          -    3.00520      -     -  206s
     0     0    3.00520    0  846          -    3.00520      -     -  206s
     0     0    3.00520    0   63          -    3.00520      -     -  209s
     0     0    3.00520    0   59          -    3.00520      -     -  210s
     0     2    3.00520    0   58          -    3.00520      -     -  219s
     3     7    3.00520    2  384          -    3.00520      -  2605  221s
    14    10    3.00520    4  606          -    3.00520      -  3431  225s
    45    15    3.00520    7 1051          -    3.00520      -  3385  230s
    81    30    3.00520   10  597          -    3.00520      -  2597  235s
   170    45 infeasible   16               -    3.00520      -  1797  240s
   264    70    3.00520   21  438          -    3.00520      -  1346  245s
   392    91    3.00520   27  121          -    3.00520      -  1003  250s
*  430    91              39       3.0192000    3.00520  0.46%   926  250s
H  435    74                       3.0136000    3.00520  0.28%   916  252s
H  436    74                       3.0122000    3.00520  0.23%   916  252s
H  438    74                       3.0108000    3.00520  0.19%   912  252s
   482   106    3.00520   30  201    3.01080    3.00520  0.19%   992  256s
H  524   138                       3.0066000    3.00520  0.05%   938  259s
H  564   138                       3.0052000    3.00520  0.00%   979  259s

Cutting planes:
  Learned: 22
  Gomory: 12
  Lift-and-project: 1
  Cover: 1708
  Implied bound: 2954
  Clique: 6640
  MIR: 393
  StrongCG: 34
  Flow cover: 154
  GUB cover: 68
  Zero half: 26
  RLT: 400
  Relax-and-lift: 111
  BQP: 128
  PSD: 270

Explored 572 nodes (742444 simplex iterations) in 260.03 seconds (208.27 work units)
Thread count was 24 (of 24 available processors)

Solution count 6: 3.0052 3.0066 3.0108 ... 3.0192

Optimal solution found (tolerance 1.00e-04)
Best objective 3.005200000000e+00, best bound 3.005200000000e+00, gap 0.0000%

Gurobi 10.0.0 (win64, Java) logging started Tue Dec 13 12:17:26 2022

Set parameter Username
Academic license - for non-commercial use only - expires 2023-12-01
Set parameter Presolve to value 1
Set parameter IntFeasTol to value 1e-06
Set parameter TimeLimit to value 600
Gurobi Optimizer version 10.0.0 build v10.0.0rc2 (win64)

CPU model: AMD Ryzen 9 5900X 12-Core Processor, instruction set [SSE2|AVX|AVX2]
Thread count: 12 physical cores, 24 logical processors, using up to 24 threads

Optimize a model with 2080577 rows, 1129350 columns and 5973000 nonzeros
Model fingerprint: 0x734a1297
Variable types: 258300 continuous, 871050 integer (806950 binary)
Coefficient statistics:
  Matrix range     [1e+00, 1e+04]
  Objective range  [3e+01, 2e+02]
  Bounds range     [1e+00, 1e+04]
  RHS range        [1e-04, 8e+02]
Presolve removed 1033150 rows and 677800 columns (presolve time = 5s) ...
Presolve removed 1678930 rows and 903615 columns (presolve time = 10s) ...
Presolve removed 1872100 rows and 1000200 columns (presolve time = 15s) ...
Presolve removed 1872100 rows and 1000200 columns (presolve time = 20s) ...
Presolve removed 1872100 rows and 1000200 columns (presolve time = 25s) ...
Presolve removed 1872100 rows and 1000200 columns (presolve time = 30s) ...
Presolve removed 1872100 rows and 1000200 columns (presolve time = 35s) ...
Presolve removed 1872100 rows and 1000200 columns (presolve time = 40s) ...
Presolve removed 1872100 rows and 1000200 columns (presolve time = 45s) ...
Presolve removed 1872100 rows and 1000200 columns (presolve time = 50s) ...
Presolve removed 1872100 rows and 1000200 columns (presolve time = 55s) ...
Presolve removed 1872100 rows and 1000200 columns (presolve time = 145s) ...
Presolve removed 1872100 rows and 1073971 columns (presolve time = 145s) ...
Presolve removed 2012044 rows and 1074062 columns
Presolve time: 148.85s
Presolved: 68533 rows, 55288 columns, 1001648 nonzeros
Variable types: 0 continuous, 55288 integer (28023 binary)
Deterministic concurrent LP optimizer: primal simplex, dual simplex, and barrier
Showing barrier log only...

Root barrier log...

Ordering time: 0.01s

Barrier performed 0 iterations in 151.53 seconds (80.86 work units)
Barrier solve interrupted - model solved by another algorithm

Concurrent spin time: 0.02s

Solved with dual simplex

Root simplex log...

Iteration    Objective       Primal Inf.    Dual Inf.      Time
    3939    3.0052000e+05   0.000000e+00   0.000000e+00    152s

Use crossover to convert LP symmetric solution to basic solution...

Root crossover log...

    2026 PPushes remaining with PInf 0.0000000e+00               152s
       0 PPushes remaining with PInf 0.0000000e+00               152s

  Push phase complete: Pinf 0.0000000e+00, Dinf 0.0000000e+00    152s


Root simplex log...

Iteration    Objective       Primal Inf.    Dual Inf.      Time
    5968    3.0052000e+05   0.000000e+00   0.000000e+00    152s

Root relaxation: objective 3.005200e+05, 5968 iterations, 0.66 seconds (0.61 work units)

    Nodes    |    Current Node    |     Objective Bounds      |     Work
 Expl Unexpl |  Obj  Depth IntInf | Incumbent    BestBd   Gap | It/Node Time

     0     0 300520.000    0  174          - 300520.000      -     -  155s
     0     0 300520.000    0  166          - 300520.000      -     -  155s
     0     0 300520.000    0  166          - 300520.000      -     -  155s
     0     0 300520.000    0  166          - 300520.000      -     -  155s
     0     0 300520.000    0  678          - 300520.000      -     -  164s
     0     0 300520.000    0  581          - 300520.000      -     -  164s
     0     0 300520.000    0  556          - 300520.000      -     -  165s
     0     0 300520.000    0  554          - 300520.000      -     -  165s
     0     0 300520.000    0  554          - 300520.000      -     -  165s
     0     0 300520.000    0  554          - 300520.000      -     -  165s
     0     0 300520.000    0  554          - 300520.000      -     -  165s
     0     0 300520.000    0  554          - 300520.000      -     -  165s
     0     0 300520.000    0  554          - 300520.000      -     -  165s
     0     0 300520.000    0  554          - 300520.000      -     -  165s
     0     0 300520.000    0  554          - 300520.000      -     -  165s
     0     0 300520.000    0  610          - 300520.000      -     -  167s
     0     0 300520.000    0  601          - 300520.000      -     -  167s
     0     0 300520.000    0  185          - 300520.000      -     -  172s
     0     0 300520.000    0  188          - 300520.000      -     -  172s
     0     0 300520.000    0  925          - 300520.000      -     -  174s
     0     0 300520.000    0  905          - 300520.000      -     -  175s
     0     0 300520.000    0  181          - 300520.000      -     -  178s
     0     0 300520.000    0  347          - 300520.000      -     -  178s
     0     0 300520.000    0  170          - 300520.000      -     -  180s
     0     0 300520.000    0  167          - 300520.000      -     -  180s
     0     0 300520.000    0  640          - 300520.000      -     -  181s
     0     0 300520.000    0  626          - 300520.000      -     -  182s
     0     0 300520.000    0  166          - 300520.000      -     -  185s
     0     0 300520.000    0  168          - 300520.000      -     -  186s
     0     0 300520.000    0  597          - 300520.000      -     -  187s
     0     0 300520.000    0  586          - 300520.000      -     -  187s
     0     0 300520.000    0  214          - 300520.000      -     -  191s
     0     0 300520.000    0  643          - 300520.000      -     -  192s
     0     0 300520.000    0  599          - 300520.000      -     -  193s
     0     0 300520.000    0  595          - 300520.000      -     -  193s
     0     0 300520.000    0  598          - 300520.000      -     -  193s
     0     0 300520.000    0  598          - 300520.000      -     -  193s
     0     0 300520.000    0  598          - 300520.000      -     -  193s
     0     0 300520.000    0   67          - 300520.000      -     -  197s
     0     0 300520.000    0  521          - 300520.000      -     -  198s
     0     0 300520.000    0  533          - 300520.000      -     -  198s
     0     0 300520.000    0  261          - 300520.000      -     -  202s
     0     0 300520.000    0  190          - 300520.000      -     -  202s
     0     0 300520.000    0  168          - 300520.000      -     -  203s
     0     0 300520.000    0  137          - 300520.000      -     -  221s
     0     0 300520.000    0  639          - 300520.000      -     -  227s
     0     0 300520.000    0  510          - 300520.000      -     -  227s
     0     0 300520.000    0 1041          - 300520.000      -     -  229s
     0     0 300520.000    0 1027          - 300520.000      -     -  229s
     0     0 300520.000    0 1020          - 300520.000      -     -  229s
     0     0 300520.000    0  162          - 300520.000      -     -  233s
     0     0 300520.000    0  246          - 300520.000      -     -  233s
     0     0 300520.000    0  479          - 300520.000      -     -  233s
     0     0 300520.000    0  387          - 300520.000      -     -  233s
     0     0 300520.000    0  134          - 300520.000      -     -  236s
     0     0 300520.000    0  134          - 300520.000      -     -  236s
     0     0 300520.000    0  628          - 300520.000      -     -  237s
     0     0 300520.000    0  620          - 300520.000      -     -  237s
     0     0 300520.000    0  335          - 300520.000      -     -  239s
     0     0 300520.000    0  819          - 300520.000      -     -  239s
     0     0 300520.000    0  794          - 300520.000      -     -  239s
     0     0 300520.000    0  314          - 300520.000      -     -  242s
H    0     0                    446595.00000 300520.000  32.7%     -  242s
     0     0 300520.000    0  312 446595.000 300520.000  32.7%     -  243s
H    0     0                    336070.00000 300520.000  10.6%     -  244s
H    0     2                    332255.00000 300520.000  9.55%     -  245s
     0     2 300520.000    0  312 332255.000 300520.000  9.55%     -  245s
    33    29 300520.000    6 1179 332255.000 300520.000  9.55%  2116  250s
    57    44 300520.000    8 1146 332255.000 300520.000  9.55%  1881  255s
   111   108 300520.000   13 1002 332255.000 300520.000  9.55%  1601  260s
H  179   170                    301220.00000 300520.000  0.23%  1111  264s
   294   300 300520.000   21  554 301220.000 300520.000  0.23%   743  281s
H  307   300                    300520.00000 300520.000  0.00%   712  281s

Cutting planes:
  Learned: 22
  Gomory: 3
  Cover: 867
  Implied bound: 1506
  Clique: 3550
  MIR: 447
  StrongCG: 30
  Flow cover: 80
  GUB cover: 43
  Zero half: 9
  Network: 1
  RLT: 280
  Relax-and-lift: 181
  BQP: 30
  PSD: 132

Explored 539 nodes (514219 simplex iterations) in 281.73 seconds (253.84 work units)
Thread count was 24 (of 24 available processors)

Solution count 5: 300520 301220 332255 ... 446595

Optimal solution found (tolerance 1.00e-04)
Best objective 3.005200000000e+05, best bound 3.005200000000e+05, gap 0.0000%

Gurobi 10.0.0 (win64, Java) logging started Tue Dec 13 12:23:54 2022

Set parameter Username
Academic license - for non-commercial use only - expires 2023-12-01
Set parameter Presolve to value 1
Set parameter IntFeasTol to value 1e-06
Set parameter TimeLimit to value 600
Gurobi Optimizer version 10.0.0 build v10.0.0rc2 (win64)

CPU model: AMD Ryzen 9 5900X 12-Core Processor, instruction set [SSE2|AVX|AVX2]
Thread count: 12 physical cores, 24 logical processors, using up to 24 threads

Optimize a model with 2080577 rows, 1129350 columns and 5973000 nonzeros
Model fingerprint: 0x9950fc9b
Variable types: 258300 continuous, 871050 integer (806950 binary)
Coefficient statistics:
  Matrix range     [1e+00, 1e+04]
  Objective range  [1e-03, 2e+02]
  Bounds range     [1e+00, 1e+04]
  RHS range        [1e-04, 8e+02]
Presolve removed 1033150 rows and 677800 columns (presolve time = 5s) ...
Presolve removed 1679664 rows and 903982 columns (presolve time = 10s) ...
Presolve removed 1872100 rows and 1000200 columns (presolve time = 15s) ...
Presolve removed 1872100 rows and 1000200 columns (presolve time = 20s) ...
Presolve removed 1872100 rows and 1000200 columns (presolve time = 25s) ...
Presolve removed 1872100 rows and 1000200 columns (presolve time = 30s) ...
Presolve removed 1872100 rows and 1000200 columns (presolve time = 35s) ...
Presolve removed 1872100 rows and 1000200 columns (presolve time = 40s) ...
Presolve removed 1872100 rows and 1000200 columns (presolve time = 45s) ...
Presolve removed 1872100 rows and 1000200 columns (presolve time = 50s) ...
Presolve removed 1872100 rows and 1000200 columns (presolve time = 55s) ...
Presolve removed 1872100 rows and 1000200 columns (presolve time = 148s) ...
Presolve removed 2012322 rows and 1074383 columns (presolve time = 150s) ...
Presolve removed 2012327 rows and 1074356 columns
Presolve time: 152.43s
Presolved: 68250 rows, 54994 columns, 987845 nonzeros
Variable types: 0 continuous, 54994 integer (27873 binary)
Deterministic concurrent LP optimizer: primal simplex, dual simplex, and barrier
Showing barrier log only...

Root barrier log...

Ordering time: 0.04s

Barrier performed 0 iterations in 155.38 seconds (82.57 work units)
Barrier solve interrupted - model solved by another algorithm

Concurrent spin time: 0.00s

Solved with dual simplex

Root simplex log...

Iteration    Objective       Primal Inf.    Dual Inf.      Time
    6914    3.0052188e+05   0.000000e+00   0.000000e+00    155s

Use crossover to convert LP symmetric solution to basic solution...

Root crossover log...

     342 PPushes remaining with PInf 0.0000000e+00               156s
       0 PPushes remaining with PInf 0.0000000e+00               156s

  Push phase complete: Pinf 0.0000000e+00, Dinf 9.9724580e-13    156s


Root simplex log...

Iteration    Objective       Primal Inf.    Dual Inf.      Time
    7259    3.0052188e+05   0.000000e+00   0.000000e+00    156s

Root relaxation: objective 3.005219e+05, 7259 iterations, 0.80 seconds (0.64 work units)

    Nodes    |    Current Node    |     Objective Bounds      |     Work
 Expl Unexpl |  Obj  Depth IntInf | Incumbent    BestBd   Gap | It/Node Time

     0     0 300521.879    0   87          - 300521.879      -     -  157s
     0     0 300521.879    0   91          - 300521.879      -     -  157s
     0     0 300521.879    0   87          - 300521.879      -     -  157s
     0     0 300521.879    0   87          - 300521.879      -     -  157s
     0     0 300521.879    0   87          - 300521.879      -     -  157s
     0     0 300521.879    0   87          - 300521.879      -     -  158s
     0     0 300521.879    0   87          - 300521.879      -     -  158s
     0     0 300521.879    0   93          - 300521.879      -     -  158s
     0     0 300521.879    0   93          - 300521.879      -     -  158s
     0     0 300521.879    0   93          - 300521.879      -     -  158s
     0     0 300521.879    0   93          - 300521.879      -     -  158s
     0     0 300521.948    0  828          - 300521.948      -     -  167s
     0     0 300522.017    0  490          - 300522.017      -     -  168s
     0     0 300522.055    0  645          - 300522.055      -     -  168s
     0     0 300522.245    0  143          - 300522.245      -     -  178s
     0     0 300522.245    0  138          - 300522.245      -     -  178s
     0     0 300522.246    0  135          - 300522.246      -     -  178s
     0     0 300522.246    0  134          - 300522.246      -     -  178s
     0     0 300522.246    0  135          - 300522.246      -     -  178s
     0     0 300522.246    0  135          - 300522.246      -     -  178s
     0     0 300522.246    0  132          - 300522.246      -     -  178s
     0     0 300522.322    0  786          - 300522.322      -     -  186s
     0     0 300522.343    0  691          - 300522.343      -     -  186s
     0     0 300522.348    0  680          - 300522.348      -     -  187s
     0     0 300522.348    0  680          - 300522.348      -     -  187s
     0     0 300522.348    0  680          - 300522.348      -     -  187s
     0     0 300522.348    0  676          - 300522.348      -     -  187s
     0     0 300522.416    0  522          - 300522.416      -     -  188s
     0     0 300522.448    0  974          - 300522.448      -     -  190s
     0     0 300522.624    0  742          - 300522.624      -     -  191s
     0     0 300522.625    0  727          - 300522.625      -     -  191s
     0     0 300522.631    0  812          - 300522.631      -     -  192s
     0     0 300522.672    0  919          - 300522.672      -     -  196s
     0     0 300522.684    0  884          - 300522.684      -     -  196s
     0     0 300522.684    0  745          - 300522.684      -     -  197s
     0     0 300522.702    0 1163          - 300522.702      -     -  199s
     0     0 300522.704    0 1128          - 300522.704      -     -  199s
     0     0 300522.727    0 1302          - 300522.727      -     -  205s
     0     0 300522.727    0 1286          - 300522.727      -     -  205s
     0     0 300522.743    0 1322          - 300522.743      -     -  207s
     0     0 300522.758    0 1690          - 300522.758      -     -  213s
     0     0 300522.759    0 1336          - 300522.759      -     -  215s
     0     2 300522.761    0 1285          - 300522.761      -     -  222s
     7    12 300522.770    3 1440          - 300522.765      -  1095  225s
    63    50 300522.774    7 1758          - 300522.773      -   589  230s
   152   140 300522.805   11 1667          - 300522.773      -   455  236s
   318   563 300523.471   18  277          - 300522.773      -   323  247s
   785  1083 300522.843   23 1515          - 300522.773      -   184  261s
  1745  1674 300523.511   28  667          - 300522.777      -   132  275s
  2754  1675 300523.942   18  645          - 300522.796      -   112  280s
  2756  1676 300523.751   32   79          - 300522.866      -   112  293s
  2757  1677 302483.393   22  380          - 300523.088      -   112  312s
  2758  1678 300523.873   91  615          - 300523.250      -   112  325s
  2760  1679 300524.408   14  584          - 300523.382      -   112  344s
  2761  1680 300839.568  100  599          - 300523.421      -   112  348s
  2762  1680 300524.096   86  662          - 300523.479      -   112  351s
  2763  1681 302483.393   13  956          - 300523.490      -   112  370s
  2765  1682 300523.842   30 1083          - 300523.529      -   112  398s
  2766  1683 300523.902   82 1053          - 300523.540      -   112  400s
  2767  1684 300523.786   52 1052          - 300523.558      -   111  425s
  2769  1685 300523.566   12  856          - 300523.566      -   111  444s
  2770  1686 300839.574  160  856          - 300523.567      -   111  450s
  2773  1687 300523.567   15  782          - 300523.567      -   140  455s
  2777  1689 300523.574   17 1007          - 300523.567      -   141  463s
  2781  1694 300523.574   18 1007          - 300523.574      -   142  466s
  2787  1698 300523.584   19 1346          - 300523.574      -   143  471s
  2799  1704 300523.894   20  534          - 300523.698      -   148  482s
H 2804  1617                    307385.92900 300523.702  2.23%   149  482s
H 2811  1547                    301505.25200 300523.702  0.33%   151  486s
H 2813  1469                    301050.80400 300523.703  0.18%   151  486s
H 2814  1397                    300525.48400 300523.703  0.00%   151  486s
H 2814  1328                    300525.29500 300523.703  0.00%   151  486s

Cutting planes:
  Learned: 1
  Gomory: 39
  Lift-and-project: 2
  Cover: 230
  Implied bound: 1688
  Clique: 7042
  MIR: 156
  StrongCG: 26
  Flow cover: 698
  GUB cover: 40
  Zero half: 28
  Network: 2
  RLT: 444
  Relax-and-lift: 779
  BQP: 360
  PSD: 539

Explored 2823 nodes (441247 simplex iterations) in 487.39 seconds (374.52 work units)
Thread count was 24 (of 24 available processors)

Solution count 5: 300525 300525 301051 ... 307386

Optimal solution found (tolerance 1.00e-04)
Best objective 3.005252950001e+05, best bound 3.005237026580e+05, gap 0.0005%

Gurobi 10.0.0 (win64, Java) logging started Tue Dec 13 12:38:20 2022

Set parameter Username
Academic license - for non-commercial use only - expires 2023-12-01
Set parameter Presolve to value 1
Set parameter IntFeasTol to value 1e-06
Set parameter TimeLimit to value 600
Gurobi Optimizer version 10.0.0 build v10.0.0rc2 (win64)

CPU model: AMD Ryzen 9 5900X 12-Core Processor, instruction set [SSE2|AVX|AVX2]
Thread count: 12 physical cores, 24 logical processors, using up to 24 threads

Optimize a model with 2073277 rows, 1129350 columns and 5940950 nonzeros
Model fingerprint: 0x8167bfbb
Variable types: 258300 continuous, 871050 integer (806950 binary)
Coefficient statistics:
  Matrix range     [1e+00, 1e+04]
  Objective range  [1e-03, 2e+02]
  Bounds range     [1e+00, 1e+04]
  RHS range        [1e-04, 8e+02]
Presolve removed 1032725 rows and 677800 columns (presolve time = 5s) ...
Presolve removed 1759425 rows and 903908 columns (presolve time = 10s) ...
Presolve removed 1871675 rows and 1000200 columns (presolve time = 16s) ...
Presolve removed 1871675 rows and 1000200 columns (presolve time = 20s) ...
Presolve removed 1871675 rows and 1000200 columns (presolve time = 25s) ...
Presolve removed 1871675 rows and 1000200 columns (presolve time = 30s) ...
Presolve removed 1871675 rows and 1000200 columns (presolve time = 35s) ...
Presolve removed 1871675 rows and 1000200 columns (presolve time = 40s) ...
Presolve removed 1871675 rows and 1000200 columns (presolve time = 45s) ...
Presolve removed 1871675 rows and 1000200 columns (presolve time = 50s) ...
Presolve removed 1871675 rows and 1000200 columns (presolve time = 150s) ...
Presolve removed 2010450 rows and 1073805 columns
Presolve time: 154.60s
Presolved: 62827 rows, 55545 columns, 994099 nonzeros
Variable types: 0 continuous, 55545 integer (28154 binary)
Deterministic concurrent LP optimizer: primal simplex, dual simplex, and barrier
Showing barrier log only...

Root barrier log...

Ordering time: 0.06s

Barrier statistics:
 AA' NZ     : 9.842e+05
 Factor NZ  : 1.917e+06 (roughly 40 MB of memory)
 Factor Ops : 2.113e+08 (less than 1 second per iteration)
 Threads    : 9

Barrier performed 0 iterations in 157.83 seconds (87.39 work units)
Barrier solve interrupted - model solved by another algorithm

Concurrent spin time: 0.06s

Solved with dual simplex

Root simplex log...

Iteration    Objective       Primal Inf.    Dual Inf.      Time
    8213    3.0052188e+05   0.000000e+00   0.000000e+00    158s

Use crossover to convert LP symmetric solution to basic solution...

Root crossover log...

     278 PPushes remaining with PInf 0.0000000e+00               158s
       0 PPushes remaining with PInf 0.0000000e+00               158s

  Push phase complete: Pinf 0.0000000e+00, Dinf 3.4901735e-12    158s


Root simplex log...

Iteration    Objective       Primal Inf.    Dual Inf.      Time
    8494    3.0052188e+05   0.000000e+00   0.000000e+00    158s

Root relaxation: objective 3.005219e+05, 8494 iterations, 0.98 seconds (0.71 work units)

    Nodes    |    Current Node    |     Objective Bounds      |     Work
 Expl Unexpl |  Obj  Depth IntInf | Incumbent    BestBd   Gap | It/Node Time

     0     0 300521.879    0   82          - 300521.879      -     -  159s
     0     0 300521.884    0   78          - 300521.884      -     -  159s
     0     0 300521.884    0   81          - 300521.884      -     -  159s
     0     0 300521.884    0   81          - 300521.884      -     -  159s
     0     0 300521.884    0   81          - 300521.884      -     -  159s
     0     0 300521.884    0   81          - 300521.884      -     -  159s
     0     0 300521.884    0   81          - 300521.884      -     -  160s
     0     0 300521.885    0   87          - 300521.885      -     -  160s
     0     0 300521.885    0   87          - 300521.885      -     -  160s
     0     0 300521.885    0   87          - 300521.885      -     -  160s
     0     0 300521.885    0   87          - 300521.885      -     -  160s
     0     0 300521.934    0  374          - 300521.934      -     -  165s
     0     0 300521.984    0  330          - 300521.984      -     -  165s
     0     0 300522.027    0  574          - 300522.027      -     -  165s
     0     0 300522.349    0   98          - 300522.349      -     -  173s
     0     0 300522.453    0  953          - 300522.453      -     -  179s
     0     0 300522.714    0  442          - 300522.714      -     -  180s
     0     0 300522.714    0  432          - 300522.714      -     -  180s
     0     0 300522.715    0  430          - 300522.715      -     -  180s
     0     0 300522.753    0  520          - 300522.753      -     -  181s
     0     0 300522.753    0  520          - 300522.753      -     -  181s
     0     0 300522.753    0  520          - 300522.753      -     -  181s
     0     0 300522.754    0  511          - 300522.754      -     -  182s
     0     0 300522.757    0  526          - 300522.757      -     -  182s
     0     0 300522.757    0  526          - 300522.757      -     -  182s
     0     0 300522.757    0  526          - 300522.757      -     -  182s
     0     0 300522.757    0  526          - 300522.757      -     -  182s
     0     0 300522.809    0 1010          - 300522.809      -     -  186s
     0     0 300522.874    0  804          - 300522.874      -     -  187s
     0     0 300522.876    0  800          - 300522.876      -     -  187s
     0     0 300522.882    0  832          - 300522.882      -     -  188s
     0     0 300522.882    0  832          - 300522.882      -     -  188s
     0     0 300522.882    0  834          - 300522.882      -     -  188s
     0     0 300522.885    0  836          - 300522.885      -     -  188s
     0     0 300522.885    0  836          - 300522.885      -     -  188s
     0     0 300522.885    0  836          - 300522.885      -     -  189s
     0     0 300522.888    0  832          - 300522.888      -     -  189s
     0     0 300522.888    0  810          - 300522.888      -     -  189s
     0     0 300522.888    0  810          - 300522.888      -     -  189s
     0     0 300522.888    0  810          - 300522.888      -     -  189s
     0     0 300522.888    0  810          - 300522.888      -     -  189s
     0     0 300522.919    0  937          - 300522.919      -     -  193s
     0     0 300522.934    0  832          - 300522.934      -     -  194s
     0     0 300522.934    0  810          - 300522.934      -     -  194s
     0     0 300522.934    0  810          - 300522.934      -     -  194s
     0     0 300522.934    0  813          - 300522.934      -     -  194s
     0     0 300522.934    0  823          - 300522.934      -     -  194s
     0     0 300522.934    0  821          - 300522.934      -     -  194s
     0     0 300522.934    0  827          - 300522.934      -     -  195s
     0     0 300522.934    0  827          - 300522.934      -     -  195s
     0     0 300522.934    0  827          - 300522.934      -     -  195s
     0     0 300522.934    0  827          - 300522.934      -     -  195s
     0     0 300522.940    0 1061          - 300522.940      -     -  197s
     0     0 300522.940    0 1055          - 300522.940      -     -  197s
     0     0 300522.940    0 1055          - 300522.940      -     -  197s
     0     0 300522.940    0 1076          - 300522.940      -     -  197s
     0     0 300522.940    0 1076          - 300522.940      -     -  197s
     0     0 300522.940    0 1076          - 300522.940      -     -  197s
     0     0 300522.940    0 1074          - 300522.940      -     -  197s
     0     0 300522.940    0 1062          - 300522.940      -     -  198s
     0     0 300522.940    0 1062          - 300522.940      -     -  198s
     0     0 300522.941    0 1044          - 300522.941      -     -  198s
     0     0 300522.941    0 1012          - 300522.941      -     -  198s
     0     0 300522.952    0 1020          - 300522.952      -     -  202s
     0     0 300522.953    0 1040          - 300522.953      -     -  202s
     0     0 300522.956    0  914          - 300522.956      -     -  203s
     0     2 300522.956    0  906          - 300522.956      -     -  210s
    87    56 infeasible    8               - 300522.965      -   112  215s
   384   394 300522.965   19  856          - 300522.965      -  48.2  221s
   639   760 300522.968   31  812          - 300522.965      -  40.4  225s
  1098  1431 300522.971   43  739          - 300522.965      -  36.8  233s
  1962  1951 infeasible   89               - 300522.965      -  32.0  239s
  1967  1951 300523.003   10  812          - 300522.965      -  32.5  240s
  2683  1953 300525.117   80   67          - 300522.965      -  33.0  256s
  2684  1954 300873.888   83  428          - 300523.126      -  33.0  271s
  2685  1955 300524.092  102  590          - 300523.244      -  33.0  279s
  2686  1955 300523.507   27  604          - 300523.337      -  33.0  303s
  2687  1956 300524.099   75  818          - 300523.354      -  33.0  309s
  2688  1957 300523.908   59  978          - 300523.497      -  33.0  335s
  2690  1958 300523.981   32  903          - 300523.534      -  32.9  356s
  2691  1959 300524.033   70 1051          - 300523.536      -  32.9  362s
H 2691  1860                    301926.11800 300523.536  0.46%  32.9  381s
H 2691  1767                    301926.00800 300523.536  0.46%  32.9  381s
  2693  1768 300523.987   52 1495 301926.008 300523.536  0.46%  32.9  388s
  2694  1769 300524.052   83 1338 301926.008 300523.542  0.46%  32.9  396s
H 2694  1681                    300525.50900 300523.561  0.00%  32.9  398s

Cutting planes:
  Learned: 3
  Gomory: 26
  Lift-and-project: 4
  Cover: 101
  Implied bound: 251
  Clique: 1774
  MIR: 35
  StrongCG: 9
  Flow cover: 96
  Zero half: 7
  RLT: 179
  Relax-and-lift: 290
  BQP: 33
  PSD: 182

Explored 2694 nodes (168889 simplex iterations) in 399.10 seconds (224.85 work units)
Thread count was 24 (of 24 available processors)

Solution count 3: 300526 301926 301926 

Optimal solution found (tolerance 1.00e-04)
Best objective 3.005255090000e+05, best bound 3.005235611390e+05, gap 0.0006%
